<?xml version="1.0" encoding="UTF-8"?>
<!-- Generated by org.testng.reporters.JUnitReportReporter -->
<testsuite hostname="DESKTOP-8DCODCG" failures="0" tests="1" name="seleniumTest.testNG.SampleTest" time="5.766" errors="0" timestamp="2022-08-11T22:35:05 EET" skipped="0">
  <testcase classname="seleniumTest.testNG.SampleTest" name="TestMethod" time="5.766"/>
  <system-out>
Open Google Find search box Enter Vodafone in search box Search for Vodafone Navigate to page 2  Locate all titles in Page 3  Count page 2 Number of results Navigate to page 3  Locate all titles in Page 3  Count page 3 Number of results Assert page 2 and 3 results  </system-out>
</testsuite> <!-- seleniumTest.testNG.SampleTest -->
